<?xml version="1.0" encoding="UTF-8"?>
<!-- Generated by org.testng.reporters.JUnitXMLReporter -->
<testsuite ignored="2" hostname="MPC40" failures="1" tests="12" name="Regression" time="0.283" errors="0" timestamp="2022-12-07T17:04:22 IST">
  <testcase classname="tests.PerformRentalWithInsurance" name="Login" time="0.0">
    <failure type="org.testng.TestNGException" message="
Method public void tests.PerformRentalWithInsurance.Login(java.lang.String,java.lang.String) throws java.lang.InterruptedException requires a @DataProvider named : testdata">
      <![CDATA[org.testng.TestNGException: 
Method public void tests.PerformRentalWithInsurance.Login(java.lang.String,java.lang.String) throws java.lang.InterruptedException requires a @DataProvider named : testdata
at java.base/java.util.ArrayList.forEach(ArrayList.java:1511)
... Removed 24 stack frames]]>
    </failure>
  </testcase> <!-- Login -->
  <testcase classname="tests.PerformRentalWithInsurance" name="ProspectsClickNewButton" time="0.0">
    <skipped/>
  </testcase> <!-- ProspectsClickNewButton -->
  <testcase classname="tests.PerformRentalWithInsurance" name="ContactInfoScreen" time="0.0">
    <skipped/>
  </testcase> <!-- ContactInfoScreen -->
  <testcase classname="tests.PerformRentalWithInsurance" name="UnitInfoScreen" time="0.0">
    <skipped/>
  </testcase> <!-- UnitInfoScreen -->
  <testcase classname="tests.PerformRentalWithInsurance" name="RentalVerify" time="0.0">
    <skipped/>
  </testcase> <!-- RentalVerify -->
  <testcase classname="tests.PerformRentalWithInsurance" name="CustomerInfo" time="0.0">
    <skipped/>
  </testcase> <!-- CustomerInfo -->
  <testcase classname="tests.PerformRentalWithInsurance" name="AddDemographic" time="0.0">
    <skipped/>
  </testcase> <!-- AddDemographic -->
  <testcase classname="tests.PerformRentalWithInsurance" name="ClickCompleteRental" time="0.001">
    <skipped/>
  </testcase> <!-- ClickCompleteRental -->
  <testcase classname="tests.PerformRentalWithInsurance" name="PaymentScreen" time="0.001">
    <skipped/>
  </testcase> <!-- PaymentScreen -->
  <testcase classname="tests.PerformRentalWithInsurance" name="DocumentScreen" time="0.0">
    <skipped/>
  </testcase> <!-- DocumentScreen -->
  <testcase classname="tests.PerformRentalWithInsurance" name="UnitInfoAfterTransaction" time="0.0">
    <skipped/>
  </testcase> <!-- UnitInfoAfterTransaction -->
  <testcase classname="tests.PerformRentalWithInsurance" name="CustomerListingScreen" time="0.0">
    <skipped/>
  </testcase> <!-- CustomerListingScreen -->
  <testcase classname="tests.testBase" name="@BeforeSuite setUp" time="0.0">
    <ignored/>
  </testcase> <!-- @BeforeSuite setUp -->
  <testcase classname="tests.testBase" name="@BeforeSuite initializeVariables" time="0.0">
    <ignored/>
  </testcase> <!-- @BeforeSuite initializeVariables -->
</testsuite> <!-- Regression -->
