<?xml version="1.0" encoding="UTF-8"?>
<!-- Generated by org.testng.reporters.JUnitXMLReporter -->
<testsuite ignored="2" hostname="MPC40" failures="1" tests="4" name="Test" time="3.084" errors="0" timestamp="2022-12-02T19:15:54 IST">
  <testcase classname="tests.PerformRentalWithInsurance" name="ProspectsClickNewButton" time="3.02">
    <failure type="java.lang.NullPointerException" message="Cannot invoke &amp;quot;org.openqa.selenium.WebDriver.findElement(org.openqa.selenium.By)&amp;quot; because &amp;quot;this.driver&amp;quot; is null">
      <![CDATA[java.lang.NullPointerException: Cannot invoke "org.openqa.selenium.WebDriver.findElement(org.openqa.selenium.By)" because "this.driver" is null
at pages.Prospects_screen.clickProspects(Prospects_screen.java:11)
at tests.PerformRentalWithInsurance.ProspectsClickNewButton(PerformRentalWithInsurance.java:23)
at java.base/java.util.ArrayList.forEach(ArrayList.java:1511)
... Removed 25 stack frames]]>
    </failure>
  </testcase> <!-- ProspectsClickNewButton -->
  <testcase classname="tests.PerformRentalWithInsurance" name="ContactInfoScreen" time="0.0">
    <skipped/>
  </testcase> <!-- ContactInfoScreen -->
  <testcase classname="tests.PerformRentalWithInsurance" name="UnitInfoScreen" time="0.0">
    <skipped/>
  </testcase> <!-- UnitInfoScreen -->
  <testcase classname="tests.PerformRentalWithInsurance" name="RentalVerify" time="0.0">
    <skipped/>
  </testcase> <!-- RentalVerify -->
  <testcase classname="tests.testBase" name="@BeforeSuite initializeVariables" time="0.0">
    <ignored/>
  </testcase> <!-- @BeforeSuite initializeVariables -->
  <testcase classname="tests.testBase" name="@AfterSuite tearDown" time="0.0">
    <ignored/>
  </testcase> <!-- @AfterSuite tearDown -->
</testsuite> <!-- Test -->
