<?xml version="1.0" encoding="UTF-8"?>
<!-- Generated by org.testng.reporters.JUnitXMLReporter -->
<testsuite ignored="0" hostname="MPC40" failures="0" tests="10" name="Default test" time="284.628" errors="0" timestamp="2022-12-20T17:20:45 IST">
  <testcase classname="tests.MoveOutForPastDueUnits" name="setUp" time="19.9"/>
  <testcase classname="tests.MoveOutForPastDueUnits" name="setUp" time="0.07"/>
  <testcase classname="tests.MoveOutForPastDueUnits" name="Login" time="38.366"/>
  <testcase classname="tests.MoveOutForPastDueUnits" name="Login" time="31.255"/>
  <testcase classname="tests.MoveOutForPastDueUnits" name="CustomerListingScreen" time="34.937"/>
  <testcase classname="tests.MoveOutForPastDueUnits" name="CustomerDashboardScreen" time="43.646"/>
  <testcase classname="tests.MoveOutForPastDueUnits" name="ClickMoveoutButton" time="5.569"/>
  <testcase classname="tests.MoveOutForPastDueUnits" name="clickMoveOutButtoninMOScreen" time="29.751"/>
  <testcase classname="tests.MoveOutForPastDueUnits" name="performPaymentatMoveout" time="34.154"/>
  <testcase classname="tests.MoveOutForPastDueUnits" name="documentGen" time="41.692"/>
</testsuite> <!-- Default test -->
