<?xml version="1.0" encoding="UTF-8"?>
<testng-results ignored="0" total="7" passed="7" failed="0" skipped="0">
  <reporter-output>
  </reporter-output>
  <suite started-at="2022-12-15T18:56:14 IST" name="Default suite" finished-at="2022-12-15T18:59:22 IST" duration-ms="187555">
    <groups>
    </groups>
    <test started-at="2022-12-15T18:56:14 IST" name="Default test" finished-at="2022-12-15T18:59:22 IST" duration-ms="187555">
      <class name="tests.MoveOutForPastDueUnits">
        <test-method is-config="true" signature="initializeVariables()[pri:0, instance:tests.MoveOutForPastDueUnits@7e07db1f]" started-at="2022-12-15T18:55:58 IST" name="initializeVariables" finished-at="2022-12-15T18:56:01 IST" duration-ms="2829" status="PASS">
          <reporter-output>
          </reporter-output>
        </test-method> <!-- initializeVariables -->
        <test-method is-config="true" signature="setUp()[pri:0, instance:tests.MoveOutForPastDueUnits@7e07db1f]" started-at="2022-12-15T18:56:01 IST" name="setUp" finished-at="2022-12-15T18:56:14 IST" depends-on-methods="tests.testBase.initializeVariables" duration-ms="13635" status="PASS">
          <reporter-output>
          </reporter-output>
        </test-method> <!-- setUp -->
        <test-method signature="Login()[pri:0, instance:tests.MoveOutForPastDueUnits@7e07db1f]" started-at="2022-12-15T18:56:14 IST" name="Login" finished-at="2022-12-15T18:56:45 IST" duration-ms="30359" status="PASS">
          <reporter-output>
          </reporter-output>
        </test-method> <!-- Login -->
        <test-method signature="CustomerListingScreen()[pri:0, instance:tests.MoveOutForPastDueUnits@7e07db1f]" started-at="2022-12-15T18:56:45 IST" name="CustomerListingScreen" finished-at="2022-12-15T18:57:15 IST" depends-on-methods="tests.MoveOutForPastDueUnits.Login" duration-ms="30625" status="PASS">
          <reporter-output>
          </reporter-output>
        </test-method> <!-- CustomerListingScreen -->
        <test-method signature="CustomerDashboardScreen()[pri:0, instance:tests.MoveOutForPastDueUnits@7e07db1f]" started-at="2022-12-15T18:57:15 IST" name="CustomerDashboardScreen" finished-at="2022-12-15T18:57:58 IST" depends-on-methods="tests.MoveOutForPastDueUnits.CustomerListingScreen" duration-ms="42654" status="PASS">
          <reporter-output>
          </reporter-output>
        </test-method> <!-- CustomerDashboardScreen -->
        <test-method signature="ClickMoveoutButton()[pri:0, instance:tests.MoveOutForPastDueUnits@7e07db1f]" started-at="2022-12-15T18:57:58 IST" name="ClickMoveoutButton" finished-at="2022-12-15T18:58:03 IST" depends-on-methods="tests.MoveOutForPastDueUnits.CustomerDashboardScreen" duration-ms="5204" status="PASS">
          <reporter-output>
          </reporter-output>
        </test-method> <!-- ClickMoveoutButton -->
        <test-method signature="clickMoveOutButtoninMOScreen()[pri:0, instance:tests.MoveOutForPastDueUnits@7e07db1f]" started-at="2022-12-15T18:58:03 IST" name="clickMoveOutButtoninMOScreen" finished-at="2022-12-15T18:58:32 IST" depends-on-methods="tests.MoveOutForPastDueUnits.ClickMoveoutButton" duration-ms="28578" status="PASS">
          <reporter-output>
          </reporter-output>
        </test-method> <!-- clickMoveOutButtoninMOScreen -->
        <test-method signature="performPaymentatMoveout()[pri:0, instance:tests.MoveOutForPastDueUnits@7e07db1f]" started-at="2022-12-15T18:58:32 IST" name="performPaymentatMoveout" finished-at="2022-12-15T18:59:04 IST" depends-on-methods="tests.MoveOutForPastDueUnits.clickMoveOutButtoninMOScreen" duration-ms="31719" status="PASS">
          <reporter-output>
          </reporter-output>
        </test-method> <!-- performPaymentatMoveout -->
        <test-method signature="documentGen()[pri:0, instance:tests.MoveOutForPastDueUnits@7e07db1f]" started-at="2022-12-15T18:59:04 IST" name="documentGen" finished-at="2022-12-15T18:59:22 IST" depends-on-methods="tests.MoveOutForPastDueUnits.performPaymentatMoveout" duration-ms="18299" status="PASS">
          <reporter-output>
          </reporter-output>
        </test-method> <!-- documentGen -->
      </class> <!-- tests.MoveOutForPastDueUnits -->
    </test> <!-- Default test -->
  </suite> <!-- Default suite -->
</testng-results>
