<?xml version="1.0" encoding="UTF-8"?>
<testng-results ignored="0" total="10" passed="10" failed="0" skipped="0">
  <reporter-output>
  </reporter-output>
  <suite started-at="2022-12-20T17:16:01 IST" name="Default suite" finished-at="2022-12-20T17:20:45 IST" duration-ms="284628">
    <groups>
    </groups>
    <test started-at="2022-12-20T17:16:01 IST" name="Default test" finished-at="2022-12-20T17:20:45 IST" duration-ms="284628">
      <class name="tests.MoveOutForPastDueUnits">
        <test-method is-config="true" signature="initializeVariables()[pri:0, instance:tests.MoveOutForPastDueUnits@6ae5aa72]" started-at="2022-12-20T17:15:50 IST" name="initializeVariables" finished-at="2022-12-20T17:16:01 IST" duration-ms="11212" status="PASS">
          <reporter-output>
          </reporter-output>
        </test-method> <!-- initializeVariables -->
        <test-method signature="setUp(java.lang.String,java.lang.String,java.lang.String,java.lang.String)[pri:0, instance:tests.MoveOutForPastDueUnits@6ae5aa72]" started-at="2022-12-20T17:16:05 IST" name="setUp" data-provider="LoginCredential" finished-at="2022-12-20T17:16:25 IST" duration-ms="19900" status="PASS">
          <params>
            <param index="0">
              <value>
                <![CDATA[Staging]]>
              </value>
            </param>
            <param index="1">
              <value>
                <![CDATA[https://stg.ssm-erp.com]]>
              </value>
            </param>
            <param index="2">
              <value>
                <![CDATA[ez Manager]]>
              </value>
            </param>
            <param index="3">
              <value>
                <![CDATA[Esoft@555]]>
              </value>
            </param>
          </params>
          <reporter-output>
          </reporter-output>
        </test-method> <!-- setUp -->
        <test-method signature="setUp(java.lang.String,java.lang.String,java.lang.String,java.lang.String)[pri:0, instance:tests.MoveOutForPastDueUnits@6ae5aa72]" started-at="2022-12-20T17:16:25 IST" name="setUp" data-provider="LoginCredential" finished-at="2022-12-20T17:16:25 IST" duration-ms="70" status="PASS">
          <params>
            <param index="0">
              <value>
                <![CDATA[]]>
              </value>
            </param>
            <param index="1">
              <value>
                <![CDATA[]]>
              </value>
            </param>
            <param index="2">
              <value>
                <![CDATA[]]>
              </value>
            </param>
            <param index="3">
              <value>
                <![CDATA[]]>
              </value>
            </param>
          </params>
          <reporter-output>
          </reporter-output>
        </test-method> <!-- setUp -->
        <test-method signature="Login(java.lang.String,java.lang.String,java.lang.String,java.lang.String)[pri:0, instance:tests.MoveOutForPastDueUnits@6ae5aa72]" started-at="2022-12-20T17:16:26 IST" name="Login" data-provider="LoginCredential" finished-at="2022-12-20T17:17:04 IST" depends-on-methods="tests.MoveOutForPastDueUnits.setUp" duration-ms="38366" status="PASS">
          <params>
            <param index="0">
              <value>
                <![CDATA[Staging]]>
              </value>
            </param>
            <param index="1">
              <value>
                <![CDATA[https://stg.ssm-erp.com]]>
              </value>
            </param>
            <param index="2">
              <value>
                <![CDATA[ez Manager]]>
              </value>
            </param>
            <param index="3">
              <value>
                <![CDATA[Esoft@555]]>
              </value>
            </param>
          </params>
          <reporter-output>
          </reporter-output>
        </test-method> <!-- Login -->
        <test-method signature="Login(java.lang.String,java.lang.String,java.lang.String,java.lang.String)[pri:0, instance:tests.MoveOutForPastDueUnits@6ae5aa72]" started-at="2022-12-20T17:17:04 IST" name="Login" data-provider="LoginCredential" finished-at="2022-12-20T17:17:36 IST" depends-on-methods="tests.MoveOutForPastDueUnits.setUp" duration-ms="31255" status="PASS">
          <params>
            <param index="0">
              <value>
                <![CDATA[]]>
              </value>
            </param>
            <param index="1">
              <value>
                <![CDATA[]]>
              </value>
            </param>
            <param index="2">
              <value>
                <![CDATA[]]>
              </value>
            </param>
            <param index="3">
              <value>
                <![CDATA[]]>
              </value>
            </param>
          </params>
          <reporter-output>
          </reporter-output>
        </test-method> <!-- Login -->
        <test-method signature="CustomerListingScreen()[pri:0, instance:tests.MoveOutForPastDueUnits@6ae5aa72]" started-at="2022-12-20T17:17:36 IST" name="CustomerListingScreen" finished-at="2022-12-20T17:18:11 IST" depends-on-methods="tests.MoveOutForPastDueUnits.Login" duration-ms="34937" status="PASS">
          <reporter-output>
          </reporter-output>
        </test-method> <!-- CustomerListingScreen -->
        <test-method signature="CustomerDashboardScreen()[pri:0, instance:tests.MoveOutForPastDueUnits@6ae5aa72]" started-at="2022-12-20T17:18:11 IST" name="CustomerDashboardScreen" finished-at="2022-12-20T17:18:54 IST" depends-on-methods="tests.MoveOutForPastDueUnits.CustomerListingScreen" duration-ms="43646" status="PASS">
          <reporter-output>
          </reporter-output>
        </test-method> <!-- CustomerDashboardScreen -->
        <test-method signature="ClickMoveoutButton()[pri:0, instance:tests.MoveOutForPastDueUnits@6ae5aa72]" started-at="2022-12-20T17:18:54 IST" name="ClickMoveoutButton" finished-at="2022-12-20T17:19:00 IST" depends-on-methods="tests.MoveOutForPastDueUnits.CustomerDashboardScreen" duration-ms="5569" status="PASS">
          <reporter-output>
          </reporter-output>
        </test-method> <!-- ClickMoveoutButton -->
        <test-method signature="clickMoveOutButtoninMOScreen()[pri:0, instance:tests.MoveOutForPastDueUnits@6ae5aa72]" started-at="2022-12-20T17:19:00 IST" name="clickMoveOutButtoninMOScreen" finished-at="2022-12-20T17:19:30 IST" depends-on-methods="tests.MoveOutForPastDueUnits.ClickMoveoutButton" duration-ms="29751" status="PASS">
          <reporter-output>
          </reporter-output>
        </test-method> <!-- clickMoveOutButtoninMOScreen -->
        <test-method signature="performPaymentatMoveout()[pri:0, instance:tests.MoveOutForPastDueUnits@6ae5aa72]" started-at="2022-12-20T17:19:30 IST" name="performPaymentatMoveout" finished-at="2022-12-20T17:20:04 IST" depends-on-methods="tests.MoveOutForPastDueUnits.clickMoveOutButtoninMOScreen" duration-ms="34154" status="PASS">
          <reporter-output>
          </reporter-output>
        </test-method> <!-- performPaymentatMoveout -->
        <test-method signature="documentGen()[pri:0, instance:tests.MoveOutForPastDueUnits@6ae5aa72]" started-at="2022-12-20T17:20:04 IST" name="documentGen" finished-at="2022-12-20T17:20:45 IST" depends-on-methods="tests.MoveOutForPastDueUnits.performPaymentatMoveout" duration-ms="41692" status="PASS">
          <reporter-output>
          </reporter-output>
        </test-method> <!-- documentGen -->
      </class> <!-- tests.MoveOutForPastDueUnits -->
    </test> <!-- Default test -->
  </suite> <!-- Default suite -->
</testng-results>
