<?xml version="1.0" encoding="UTF-8"?>
<!-- Generated by org.testng.reporters.JUnitXMLReporter -->
<testsuite ignored="1" hostname="MPC40" failures="1" tests="5" name="Regression" time="48.292" errors="0" timestamp="2022-12-05T17:03:26 IST">
  <testcase classname="tests.PerformRentalWithInsurance" name="Login" time="30.644"/>
  <testcase classname="tests.PerformRentalWithInsurance" name="ProspectsClickNewButton" time="17.441">
    <failure type="org.openqa.selenium.ElementClickInterceptedException" message="element click intercepted: Element &amp;lt;button class=&amp;quot;btn btn-primary&amp;quot; id=&amp;quot;newstore&amp;quot; type=&amp;quot;button&amp;quot;&amp;gt;...&amp;lt;/button&amp;gt; is not clickable at point (1261, 115). Other element would receive the click: &amp;lt;div _ngcontent-anp-c3=&amp;quot;&amp;quot; class=&amp;quot;loaderIcon&amp;quot;&amp;gt;...&amp;lt;/div&amp;gt;
  (Session info: chrome=107.0.5304.123)
Build info: version: &amp;apos;4.4.0&amp;apos;, revision: &amp;apos;e5c75ed026a&amp;apos;
System info: host: &amp;apos;MPC40&amp;apos;, ip: &amp;apos;192.168.10.40&amp;apos;, os.name: &amp;apos;Windows 10&amp;apos;, os.arch: &amp;apos;amd64&amp;apos;, os.version: &amp;apos;10.0&amp;apos;, java.version: &amp;apos;18.0.2&amp;apos;
Driver info: org.openqa.selenium.chrome.ChromeDriver
Command: [a3f95f8aeb7e0db04b32f05219e13565, clickElement {id=bb5da5a4-e42f-4974-ba78-514a6b18c493}]
Capabilities {acceptInsecureCerts: false, browserName: chrome, browserVersion: 107.0.5304.123, chrome: {chromedriverVersion: 107.0.5304.62 (1eec40d3a576..., userDataDir: C:\Users\anushree\AppData\L...}, goog:chromeOptions: {debuggerAddress: localhost:55514}, networkConnectionEnabled: false, pageLoadStrategy: normal, platformName: WINDOWS, proxy: Proxy(), se:cdp: ws://localhost:55514/devtoo..., se:cdpVersion: 107.0.5304.123, setWindowRect: true, strictFileInteractability: false, timeouts: {implicit: 0, pageLoad: 300000, script: 30000}, unhandledPromptBehavior: dismiss and notify, webauthn:extension:credBlob: true, webauthn:extension:largeBlob: true, webauthn:virtualAuthenticators: true}
Element: [[ChromeDriver: chrome on WINDOWS (a3f95f8aeb7e0db04b32f05219e13565)] -&amp;gt; id: newstore]
Session ID: a3f95f8aeb7e0db04b32f05219e13565">
      <![CDATA[org.openqa.selenium.ElementClickInterceptedException: element click intercepted: Element <button class="btn btn-primary" id="newstore" type="button">...</button> is not clickable at point (1261, 115). Other element would receive the click: <div _ngcontent-anp-c3="" class="loaderIcon">...</div>
  (Session info: chrome=107.0.5304.123)
Build info: version: '4.4.0', revision: 'e5c75ed026a'
System info: host: 'MPC40', ip: '192.168.10.40', os.name: 'Windows 10', os.arch: 'amd64', os.version: '10.0', java.version: '18.0.2'
Driver info: org.openqa.selenium.chrome.ChromeDriver
Command: [a3f95f8aeb7e0db04b32f05219e13565, clickElement {id=bb5da5a4-e42f-4974-ba78-514a6b18c493}]
Capabilities {acceptInsecureCerts: false, browserName: chrome, browserVersion: 107.0.5304.123, chrome: {chromedriverVersion: 107.0.5304.62 (1eec40d3a576..., userDataDir: C:\Users\anushree\AppData\L...}, goog:chromeOptions: {debuggerAddress: localhost:55514}, networkConnectionEnabled: false, pageLoadStrategy: normal, platformName: WINDOWS, proxy: Proxy(), se:cdp: ws://localhost:55514/devtoo..., se:cdpVersion: 107.0.5304.123, setWindowRect: true, strictFileInteractability: false, timeouts: {implicit: 0, pageLoad: 300000, script: 30000}, unhandledPromptBehavior: dismiss and notify, webauthn:extension:credBlob: true, webauthn:extension:largeBlob: true, webauthn:virtualAuthenticators: true}
Element: [[ChromeDriver: chrome on WINDOWS (a3f95f8aeb7e0db04b32f05219e13565)] -> id: newstore]
Session ID: a3f95f8aeb7e0db04b32f05219e13565
at org.openqa.selenium.remote.codec.w3c.W3CHttpResponseCodec.createException(W3CHttpResponseCodec.java:200)
at org.openqa.selenium.remote.codec.w3c.W3CHttpResponseCodec.decode(W3CHttpResponseCodec.java:133)
at org.openqa.selenium.remote.codec.w3c.W3CHttpResponseCodec.decode(W3CHttpResponseCodec.java:53)
at org.openqa.selenium.remote.HttpCommandExecutor.execute(HttpCommandExecutor.java:184)
at org.openqa.selenium.remote.service.DriverCommandExecutor.invokeExecute(DriverCommandExecutor.java:167)
at org.openqa.selenium.remote.service.DriverCommandExecutor.execute(DriverCommandExecutor.java:142)
at org.openqa.selenium.remote.RemoteWebDriver.execute(RemoteWebDriver.java:547)
at org.openqa.selenium.remote.RemoteWebElement.execute(RemoteWebElement.java:257)
at org.openqa.selenium.remote.RemoteWebElement.click(RemoteWebElement.java:78)
at pages.Prospects_screen.clickNewbutton(Prospects_screen.java:20)
at tests.PerformRentalWithInsurance.ProspectsClickNewButton(PerformRentalWithInsurance.java:26)
at java.base/java.util.ArrayList.forEach(ArrayList.java:1511)
... Removed 28 stack frames]]>
    </failure>
  </testcase> <!-- ProspectsClickNewButton -->
  <testcase classname="tests.PerformRentalWithInsurance" name="ContactInfoScreen" time="0.0">
    <skipped/>
  </testcase> <!-- ContactInfoScreen -->
  <testcase classname="tests.PerformRentalWithInsurance" name="UnitInfoScreen" time="0.0">
    <skipped/>
  </testcase> <!-- UnitInfoScreen -->
  <testcase classname="tests.PerformRentalWithInsurance" name="RentalVerify" time="0.0">
    <skipped/>
  </testcase> <!-- RentalVerify -->
  <testcase classname="tests.testBase" name="@BeforeSuite initializeVariables" time="0.0">
    <ignored/>
  </testcase> <!-- @BeforeSuite initializeVariables -->
</testsuite> <!-- Regression -->
